<?xml version="1.0" encoding="UTF-8"?>
<!-- Generated by org.testng.reporters.JUnitXMLReporter -->
<testsuite ignored="1" hostname="DESKTOP-G2292G3" failures="1" tests="1" name="Default test(failed)" time="4.274" errors="0" timestamp="2021-10-10T12:17:50 IST">
  <testcase classname="tests.GoogleSearchTest" name="@AfterTest Finish" time="0.202">
    <failure type="java.lang.NullPointerException" message="Cannot invoke &amp;quot;com.aventstack.extentreports.ExtentTest.pass(String)&amp;quot; because &amp;quot;this.test1&amp;quot; is null">
      <![CDATA[java.lang.NullPointerException: Cannot invoke "com.aventstack.extentreports.ExtentTest.pass(String)" because "this.test1" is null
at tests.GoogleSearchTest.Finish(GoogleSearchTest.java:74)
... Removed 24 stack frames]]>
    </failure>
  </testcase> <!-- @AfterTest Finish -->
  <testcase classname="tests.GoogleSearchTest" name="Search2" time="0.036">
    <failure type="java.lang.ArithmeticException" message="/ by zero">
      <![CDATA[java.lang.ArithmeticException: / by zero
at tests.GoogleSearchTest.Search2(GoogleSearchTest.java:59)
at java.base/java.util.ArrayList.forEach(ArrayList.java:1511)
... Removed 27 stack frames]]>
    </failure>
  </testcase> <!-- Search2 -->
  <testcase classname="tests.GoogleSearchTest" name="Search" time="0.0">
    <ignored/>
  </testcase> <!-- Search -->
</testsuite> <!-- Default test(failed) -->
